<?xml version="1.0" encoding="UTF-8"?>
<!-- Generated by org.testng.reporters.JUnitReportReporter -->
<testsuite hostname="DESKTOP-1ILKPKO" failures="0" tests="4" name="api.test.UserTest" time="1.895" errors="0" timestamp="2023-05-02T11:55:32 GMT-04:00" skipped="0">
  <testcase classname="api.test.UserTest" name="mainfirstTest" time="1.322"/>
  <system-out/>
  <testcase classname="api.test.UserTest" name="mainsecondTest" time="0.189"/>
  <system-out/>
  <testcase classname="api.test.UserTest" name="mainthirdTest" time="0.172"/>
  <system-out/>
  <testcase classname="api.test.UserTest" name="mainfourthTest" time="0.212"/>
  <system-out/>
</testsuite> <!-- api.test.UserTest -->
