<?xml version="1.0" encoding="UTF-8"?>
<!-- Generated by org.testng.reporters.JUnitReportReporter -->
<testsuite hostname="DESKTOP-1ILKPKO" failures="0" tests="2" name="api.test.DataDrivenTests" time="0.000" errors="0" timestamp="2023-04-01T18:35:38 GMT-04:00" skipped="2">
  <testcase classname="api.test.DataDrivenTests" name="testPostuser" time="0.000">
    <skipped/>
  </testcase> <!-- testPostuser -->
  <system-out/>
  <testcase classname="api.test.DataDrivenTests" name="testdeleteuser" time="0.000">
    <skipped/>
  </testcase> <!-- testdeleteuser -->
  <system-out/>
</testsuite> <!-- api.test.DataDrivenTests -->
